<?xml version="1.0" encoding="UTF-8"?>
<testsuite xmlns:xsi="http://www.w3.org/2001/XMLSchema-instance" xsi:noNamespaceSchemaLocation="https://maven.apache.org/surefire/maven-surefire-plugin/xsd/surefire-test-report-3.0.xsd" version="3.0" name="com.examly.springapp.SpringappApplicationTests" time="9.304" tests="78" errors="0" skipped="0" failures="0">
  <properties>
[...]
</properties>
  <testcase name="Day3_test_Controller_Directory_Exists" classname="com.examly.springapp.SpringappApplicationTests" time="0.298">
    <system-out><![CDATA[16:45:21.999 [main] DEBUG org.springframework.boot.test.context.SpringBootTestContextBootstrapper - Neither @ContextConfiguration nor @ContextHierarchy found for test class [SpringappApplicationTests]: using SpringBootContextLoader
16:45:22.003 [main] DEBUG org.springframework.test.context.support.AbstractContextLoader - Could not detect default resource locations for test class [com.examly.springapp.SpringappApplicationTests]: no resource found for suffixes {-context.xml, Context.groovy}.
16:45:22.004 [main] INFO org.springframework.test.context.support.AnnotationConfigContextLoaderUtils - Could not detect default configuration classes for test class [com.examly.springapp.SpringappApplicationTests]: SpringappApplicationTests does not declare any static, non-private, non-final, nested classes annotated with @Configuration.
16:45:22.084 [main] DEBUG org.springframework.boot.test.context.SpringBootTestContextBootstrapper - Using ContextCustomizers for test class [SpringappApplicationTests]: [ImportsContextCustomizer, ExcludeFilterContextCustomizer, DuplicateJsonObjectContextCustomizer, MockitoContextCustomizer, TestRestTemplateContextCustomizer, DisableObservabilityContextCustomizer, PropertyMappingContextCustomizer, Customizer]
16:45:22.182 [main] DEBUG org.springframework.context.annotation.ClassPathScanningCandidateComponentProvider - Identified candidate component class: file [/home/coder/project/workspace/springapp/target/classes/com/examly/springapp/SpringappApplication.class]
16:45:22.183 [main] INFO org.springframework.boot.test.context.SpringBootTestContextBootstrapper - Found @SpringBootConfiguration com.examly.springapp.SpringappApplication for test class com.examly.springapp.SpringappApplicationTests
16:45:22.357 [main] DEBUG org.springframework.boot.test.context.SpringBootTestContextBootstrapper - Using TestExecutionListeners for test class [SpringappApplicationTests]: [ServletTestExecutionListener, DirtiesContextBeforeModesTestExecutionListener, ApplicationEventsTestExecutionListener, MockitoTestExecutionListener, DependencyInjectionTestExecutionListener, DirtiesContextTestExecutionListener, TransactionalTestExecutionListener, SqlScriptsTestExecutionListener, EventPublishingTestExecutionListener, ResetMocksTestExecutionListener, RestDocsTestExecutionListener, MockRestServiceServerResetTestExecutionListener, MockMvcPrintOnlyOnFailureTestExecutionListener, WebDriverTestExecutionListener, MockWebServiceServerTestExecutionListener]
16:45:22.359 [main] DEBUG org.springframework.test.context.support.AbstractDirtiesContextTestExecutionListener - Before test class: class [SpringappApplicationTests], class annotated with @DirtiesContext [false] with mode [null]

  .   ____          _            __ _ _
 /\\ / ___'_ __ _ _(_)_ __  __ _ \ \ \ \
( ( )\___ | '_ | '_| | '_ \/ _` | \ \ \ \
 \\/  ___)| |_)| | | | | || (_| |  ) ) ) )
  '  |____| .__|_| |_|_| |_\__, | / / / /
 =========|_|==============|___/=/_/_/_/
 :: Spring Boot ::                (v3.0.1)

2025-12-26T16:45:22.992Z  INFO 795 --- [           main] c.e.springapp.SpringappApplicationTests  : Starting SpringappApplicationTests using Java 17.0.17 with PID 795 (started by coder in /home/coder/project/workspace/springapp)
2025-12-26T16:45:22.993Z  INFO 795 --- [           main] c.e.springapp.SpringappApplicationTests  : No active profile set, falling back to 1 default profile: "default"
2025-12-26T16:45:24.385Z  INFO 795 --- [           main] .s.d.r.c.RepositoryConfigurationDelegate : Bootstrapping Spring Data JPA repositories in DEFAULT mode.
2025-12-26T16:45:24.556Z  INFO 795 --- [           main] .s.d.r.c.RepositoryConfigurationDelegate : Finished Spring Data repository scanning in 162 ms. Found 5 JPA repository interfaces.
2025-12-26T16:45:25.293Z  INFO 795 --- [           main] o.hibernate.jpa.internal.util.LogHelper  : HHH000204: Processing PersistenceUnitInfo [name: default]
2025-12-26T16:45:25.369Z  INFO 795 --- [           main] org.hibernate.Version                    : HHH000412: Hibernate ORM core version 6.1.6.Final
2025-12-26T16:45:25.584Z  WARN 795 --- [           main] org.hibernate.orm.deprecation            : HHH90000021: Encountered deprecated setting [javax.persistence.sharedCache.mode], use [jakarta.persistence.sharedCache.mode] instead
2025-12-26T16:45:25.786Z  INFO 795 --- [           main] com.zaxxer.hikari.HikariDataSource       : HikariPool-1 - Starting...
2025-12-26T16:45:26.055Z  INFO 795 --- [           main] com.zaxxer.hikari.pool.HikariPool        : HikariPool-1 - Added connection com.mysql.cj.jdbc.ConnectionImpl@48ccbb32
2025-12-26T16:45:26.057Z  INFO 795 --- [           main] com.zaxxer.hikari.HikariDataSource       : HikariPool-1 - Start completed.
2025-12-26T16:45:26.088Z  INFO 795 --- [           main] SQL dialect                              : HHH000400: Using dialect: org.hibernate.dialect.MySQL8Dialect
2025-12-26T16:45:26.089Z  WARN 795 --- [           main] org.hibernate.orm.deprecation            : HHH90000026: MySQL8Dialect has been deprecated; use org.hibernate.dialect.MySQLDialect instead
Hibernate: alter table comment drop foreign key FKfknte4fhjhet3l1802m1yqa50
Hibernate: alter table task drop foreign key FKsaw2pfw389opao1w32cljexhk
Hibernate: alter table task_assignment drop foreign key FKjec38nl7lfmlgdn036w0h3hbt
Hibernate: alter table task_assignment drop foreign key FKbiboax1avmn0wvhg1cbxs8qds
Hibernate: alter table task_status_log drop foreign key FKexno8rkdp84kgb19hv007gogp
Hibernate: alter table task_status_log drop foreign key FK3insne714tpm4u24ccp93htt8
Hibernate: drop table if exists comment
Hibernate: drop table if exists task
Hibernate: drop table if exists task_assignment
Hibernate: drop table if exists task_status_log
Hibernate: drop table if exists user
Hibernate: create table comment (id bigint not null auto_increment, content varchar(255), task_id bigint, primary key (id)) engine=InnoDB
Hibernate: create table task (id bigint not null auto_increment, description varchar(255), due_date date, priority varchar(255), status varchar(255), title varchar(255), created_by_id bigint, primary key (id)) engine=InnoDB
Hibernate: create table task_assignment (id bigint not null auto_increment, task_id bigint, user_id bigint, primary key (id)) engine=InnoDB
Hibernate: create table task_status_log (id bigint not null auto_increment, new_status varchar(255), old_status varchar(255), changed_by_user_id bigint, task_id bigint, primary key (id)) engine=InnoDB
Hibernate: create table user (id bigint not null auto_increment, email varchar(255), name varchar(255), role varchar(255), primary key (id)) engine=InnoDB
Hibernate: alter table comment add constraint FKfknte4fhjhet3l1802m1yqa50 foreign key (task_id) references task (id)
Hibernate: alter table task add constraint FKsaw2pfw389opao1w32cljexhk foreign key (created_by_id) references user (id)
Hibernate: alter table task_assignment add constraint FKjec38nl7lfmlgdn036w0h3hbt foreign key (task_id) references task (id)
Hibernate: alter table task_assignment add constraint FKbiboax1avmn0wvhg1cbxs8qds foreign key (user_id) references user (id)
Hibernate: alter table task_status_log add constraint FKexno8rkdp84kgb19hv007gogp foreign key (changed_by_user_id) references user (id)
Hibernate: alter table task_status_log add constraint FK3insne714tpm4u24ccp93htt8 foreign key (task_id) references task (id)
2025-12-26T16:45:27.731Z  INFO 795 --- [           main] o.h.e.t.j.p.i.JtaPlatformInitiator       : HHH000490: Using JtaPlatform implementation: [org.hibernate.engine.transaction.jta.platform.internal.NoJtaPlatform]
2025-12-26T16:45:27.745Z  INFO 795 --- [           main] j.LocalContainerEntityManagerFactoryBean : Initialized JPA EntityManagerFactory for persistence unit 'default'
2025-12-26T16:45:28.902Z  WARN 795 --- [           main] JpaBaseConfiguration$JpaWebConfiguration : spring.jpa.open-in-view is enabled by default. Therefore, database queries may be performed during view rendering. Explicitly configure spring.jpa.open-in-view to disable this warning
2025-12-26T16:45:29.486Z  INFO 795 --- [           main] o.s.b.t.m.w.SpringBootMockServletContext : Initializing Spring TestDispatcherServlet ''
2025-12-26T16:45:29.486Z  INFO 795 --- [           main] o.s.t.web.servlet.TestDispatcherServlet  : Initializing Servlet ''
2025-12-26T16:45:29.488Z  INFO 795 --- [           main] o.s.t.web.servlet.TestDispatcherServlet  : Completed initialization in 1 ms
2025-12-26T16:45:29.555Z  INFO 795 --- [           main] c.e.springapp.SpringappApplicationTests  : Started SpringappApplicationTests in 7.152 seconds (process running for 8.904)
]]></system-out>
  </testcase>
  <testcase name="Day3_test_Model_Directory_Exists" classname="com.examly.springapp.SpringappApplicationTests" time="0.003"/>
  <testcase name="Day3_test_Service_Directory_Exists" classname="com.examly.springapp.SpringappApplicationTests" time="0.002"/>
  <testcase name="Day3_test_Repository_Directory_Exists" classname="com.examly.springapp.SpringappApplicationTests" time="0.003"/>
  <testcase name="Day4_test_TaskModel_File_Exists" classname="com.examly.springapp.SpringappApplicationTests" time="0.003"/>
  <testcase name="Day4_test_UserModel_File_Exists" classname="com.examly.springapp.SpringappApplicationTests" time="0.003"/>
  <testcase name="Day4_test_TaskStatusLog_File_Exists" classname="com.examly.springapp.SpringappApplicationTests" time="0.003"/>
  <testcase name="Day4_test_TaskAssignment_File_Exists" classname="com.examly.springapp.SpringappApplicationTests" time="0.049"/>
  <testcase name="Day4_test_Comment_File_Exists" classname="com.examly.springapp.SpringappApplicationTests" time="0.002"/>
  <testcase name="Day4_test_User_Has_Entity_Annotation" classname="com.examly.springapp.SpringappApplicationTests" time="0.003"/>
  <testcase name="Day5_testTaskRepository_File_Exists" classname="com.examly.springapp.SpringappApplicationTests" time="0.002"/>
  <testcase name="Day5_testUserRepository_File_Exists" classname="com.examly.springapp.SpringappApplicationTests" time="0.002"/>
  <testcase name="Day5_testTaskStatusLogRepository_File_Exists" classname="com.examly.springapp.SpringappApplicationTests" time="0.002"/>
  <testcase name="Day5_testTaskAssignmentRepository_File_Exists" classname="com.examly.springapp.SpringappApplicationTests" time="0.002"/>
  <testcase name="Day5_testCommentRepository_File_Exists" classname="com.examly.springapp.SpringappApplicationTests" time="0.003"/>
  <testcase name="Day5_test_UserRepo_Has_Repository_Annotation" classname="com.examly.springapp.SpringappApplicationTests" time="0.002"/>
  <testcase name="Day5_test_TaskRepository_Has_Repository_Annotation" classname="com.examly.springapp.SpringappApplicationTests" time="0.002"/>
  <testcase name="Day5_test_TaskStatusLogRepository_Has_Repository_Annotation" classname="com.examly.springapp.SpringappApplicationTests" time="0.002"/>
  <testcase name="Day5_test_TaskAssignmentRepository_Has_Repository_Annotation" classname="com.examly.springapp.SpringappApplicationTests" time="0.002"/>
  <testcase name="Day5_test_CommentRepository_Has_Repository_Annotation" classname="com.examly.springapp.SpringappApplicationTests" time="0.002"/>
  <testcase name="Day6_test_TaskController_File_Exists" classname="com.examly.springapp.SpringappApplicationTests" time="0.001"/>
  <testcase name="Day6_test_UserController_File_Exists" classname="com.examly.springapp.SpringappApplicationTests" time="0.002"/>
  <testcase name="Day6_test_TaskStatusLogController_File_Exists" classname="com.examly.springapp.SpringappApplicationTests" time="0.003"/>
  <testcase name="Day6_test_TaskAssignmentController_File_Exists" classname="com.examly.springapp.SpringappApplicationTests" time="0.002"/>
  <testcase name="Day6_test_CommentController_File_Exists" classname="com.examly.springapp.SpringappApplicationTests" time="0.003"/>
  <testcase name="Day6_test_TaskController_Has_RestController_Annotation" classname="com.examly.springapp.SpringappApplicationTests" time="0.002"/>
  <testcase name="Day6_test_UserController_Has_RestController_Annotation" classname="com.examly.springapp.SpringappApplicationTests" time="0.003"/>
  <testcase name="Day6_test_TaskController_Has_PostMapping" classname="com.examly.springapp.SpringappApplicationTests" time="0.003"/>
  <testcase name="Day6_test_TaskController_Has_GetMapping" classname="com.examly.springapp.SpringappApplicationTests" time="0.003"/>
  <testcase name="Day6_test_TaskController_Has_PutMapping" classname="com.examly.springapp.SpringappApplicationTests" time="0.002"/>
  <testcase name="Day6_test_TaskController_Has_DeleteMapping" classname="com.examly.springapp.SpringappApplicationTests" time="0.003"/>
  <testcase name="Day6_testGetAllUsers_StatusNoCotent" classname="com.examly.springapp.SpringappApplicationTests" time="0.253">
    <system-out><![CDATA[Hibernate: select u1_0.id,u1_0.email,u1_0.name,u1_0.role from user u1_0
]]></system-out>
  </testcase>
  <testcase name="Day6_testGetTaskById_StatusNotFound" classname="com.examly.springapp.SpringappApplicationTests" time="0.061">
    <system-out><![CDATA[Hibernate: select t1_0.id,c1_0.id,c1_0.email,c1_0.name,c1_0.role,t1_0.description,t1_0.due_date,t1_0.priority,t1_0.status,t1_0.title from task t1_0 left join user c1_0 on c1_0.id=t1_0.created_by_id where t1_0.id=?
]]></system-out>
  </testcase>
  <testcase name="Day7_test_TaskController_Has_RequestMapping" classname="com.examly.springapp.SpringappApplicationTests" time="0.055"/>
  <testcase name="Day7_test_TaskController_Has_PathVariable" classname="com.examly.springapp.SpringappApplicationTests" time="0.003"/>
  <testcase name="Day7_test_UserController_Has_RequestMapping" classname="com.examly.springapp.SpringappApplicationTests" time="0.002"/>
  <testcase name="Day7_test_CommentController_Has_RequestMapping" classname="com.examly.springapp.SpringappApplicationTests" time="0.002"/>
  <testcase name="Day7_test_UserController_Has_PathVariable" classname="com.examly.springapp.SpringappApplicationTests" time="0.002"/>
  <testcase name="Day7_test_CommentController_Has_PathVariable" classname="com.examly.springapp.SpringappApplicationTests" time="0.002"/>
  <testcase name="Day7_test_TaskAssignment_Has_RequestMapping" classname="com.examly.springapp.SpringappApplicationTests" time="0.002"/>
  <testcase name="Day8_test_TaskService_File_Exists" classname="com.examly.springapp.SpringappApplicationTests" time="0.002"/>
  <testcase name="Day8_test_UserService_File_Exists" classname="com.examly.springapp.SpringappApplicationTests" time="0.002"/>
  <testcase name="Day8_test_TaskStatusLogService_File_Exists" classname="com.examly.springapp.SpringappApplicationTests" time="0.002"/>
  <testcase name="Day8_test_TaskAssignmentService_File_Exists" classname="com.examly.springapp.SpringappApplicationTests" time="0.001"/>
  <testcase name="Day8_test_CommentService_File_Exists" classname="com.examly.springapp.SpringappApplicationTests" time="0.001"/>
  <testcase name="Day8_test_TaskServiceImpl_File_Exists" classname="com.examly.springapp.SpringappApplicationTests" time="0.001"/>
  <testcase name="Day8_test_UserServiceImpl_File_Exists" classname="com.examly.springapp.SpringappApplicationTests" time="0.002"/>
  <testcase name="Day8_test_TaskStatusLogServiceImpl_File_Exists" classname="com.examly.springapp.SpringappApplicationTests" time="0.002"/>
  <testcase name="Day8_test_TaskAssignmentServiceImpl_File_Exists" classname="com.examly.springapp.SpringappApplicationTests" time="0.002"/>
  <testcase name="Day8_test_CommentServiceImpl_File_Exists" classname="com.examly.springapp.SpringappApplicationTests" time="0.001"/>
  <testcase name="Day8_testAddUser" classname="com.examly.springapp.SpringappApplicationTests" time="0.164">
    <system-out><![CDATA[Hibernate: insert into user (email, name, role) values (?, ?, ?)
]]></system-out>
  </testcase>
  <testcase name="Day8_testGetAllUsers" classname="com.examly.springapp.SpringappApplicationTests" time="0.016">
    <system-out><![CDATA[Hibernate: select u1_0.id,u1_0.email,u1_0.name,u1_0.role from user u1_0
]]></system-out>
  </testcase>
  <testcase name="Day8_testGetUserById" classname="com.examly.springapp.SpringappApplicationTests" time="0.008">
    <system-out><![CDATA[Hibernate: select u1_0.id,u1_0.email,u1_0.name,u1_0.role from user u1_0 where u1_0.id=?
]]></system-out>
  </testcase>
  <testcase name="Day8_testUpdateUser" classname="com.examly.springapp.SpringappApplicationTests" time="0.02">
    <system-out><![CDATA[Hibernate: select u1_0.id,u1_0.email,u1_0.name,u1_0.role from user u1_0 where u1_0.id=?
Hibernate: update user set email=?, name=?, role=? where id=?
]]></system-out>
  </testcase>
  <testcase name="Day9_testPaginationPageNumberApplied" classname="com.examly.springapp.SpringappApplicationTests" time="0.057">
    <system-out><![CDATA[Hibernate: select u1_0.id,u1_0.email,u1_0.name,u1_0.role from user u1_0 limit ?,?
]]></system-out>
  </testcase>
  <testcase name="Day9_testPaginationPageSizeApplied" classname="com.examly.springapp.SpringappApplicationTests" time="0.014">
    <system-out><![CDATA[Hibernate: select u1_0.id,u1_0.email,u1_0.name,u1_0.role from user u1_0 limit ?,?
Hibernate: select count(u1_0.id) from user u1_0
]]></system-out>
  </testcase>
  <testcase name="Day9_testPaginationContentArrayExists" classname="com.examly.springapp.SpringappApplicationTests" time="0.009">
    <system-out><![CDATA[Hibernate: select u1_0.id,u1_0.email,u1_0.name,u1_0.role from user u1_0 limit ?,?
]]></system-out>
  </testcase>
  <testcase name="Day9_testPaginationTotalElementsExists" classname="com.examly.springapp.SpringappApplicationTests" time="0.008">
    <system-out><![CDATA[Hibernate: select u1_0.id,u1_0.email,u1_0.name,u1_0.role from user u1_0 limit ?,?
]]></system-out>
  </testcase>
  <testcase name="Day9_testPaginationTotalPagesExists" classname="com.examly.springapp.SpringappApplicationTests" time="0.008">
    <system-out><![CDATA[Hibernate: select u1_0.id,u1_0.email,u1_0.name,u1_0.role from user u1_0 limit ?,?
]]></system-out>
  </testcase>
  <testcase name="Day10_testAddTask" classname="com.examly.springapp.SpringappApplicationTests" time="0.053">
    <system-out><![CDATA[Hibernate: insert into task (created_by_id, description, due_date, priority, status, title) values (?, ?, ?, ?, ?, ?)
]]></system-out>
  </testcase>
  <testcase name="Day10_testGetAllTasks" classname="com.examly.springapp.SpringappApplicationTests" time="0.016">
    <system-out><![CDATA[Hibernate: select t1_0.id,t1_0.created_by_id,t1_0.description,t1_0.due_date,t1_0.priority,t1_0.status,t1_0.title from task t1_0
Hibernate: select u1_0.id,u1_0.email,u1_0.name,u1_0.role from user u1_0 where u1_0.id=?
]]></system-out>
  </testcase>
  <testcase name="Day10_testGetTaskById" classname="com.examly.springapp.SpringappApplicationTests" time="0.008">
    <system-out><![CDATA[Hibernate: select t1_0.id,c1_0.id,c1_0.email,c1_0.name,c1_0.role,t1_0.description,t1_0.due_date,t1_0.priority,t1_0.status,t1_0.title from task t1_0 left join user c1_0 on c1_0.id=t1_0.created_by_id where t1_0.id=?
]]></system-out>
  </testcase>
  <testcase name="Day10_testUpdateTaskStatus" classname="com.examly.springapp.SpringappApplicationTests" time="0.017">
    <system-out><![CDATA[Hibernate: select t1_0.id,c1_0.id,c1_0.email,c1_0.name,c1_0.role,t1_0.description,t1_0.due_date,t1_0.priority,t1_0.status,t1_0.title from task t1_0 left join user c1_0 on c1_0.id=t1_0.created_by_id where t1_0.id=?
Hibernate: update task set created_by_id=?, description=?, due_date=?, priority=?, status=?, title=? where id=?
]]></system-out>
  </testcase>
  <testcase name="Day10_testGetTasksByUser" classname="com.examly.springapp.SpringappApplicationTests" time="0.022">
    <system-out><![CDATA[Hibernate: select t1_0.id,t1_0.created_by_id,t1_0.description,t1_0.due_date,t1_0.priority,t1_0.status,t1_0.title from task t1_0 where t1_0.created_by_id=?
Hibernate: select u1_0.id,u1_0.email,u1_0.name,u1_0.role from user u1_0 where u1_0.id=?
]]></system-out>
  </testcase>
  <testcase name="Day10_testAddStatusLog" classname="com.examly.springapp.SpringappApplicationTests" time="0.026">
    <system-out><![CDATA[Hibernate: insert into task_status_log (changed_by_user_id, new_status, old_status, task_id) values (?, ?, ?, ?)
]]></system-out>
  </testcase>
  <testcase name="Day10_testGetAllStatusLogs" classname="com.examly.springapp.SpringappApplicationTests" time="0.01">
    <system-out><![CDATA[Hibernate: select t1_0.id,t1_0.changed_by_user_id,t1_0.new_status,t1_0.old_status,t1_0.task_id from task_status_log t1_0
Hibernate: select u1_0.id,u1_0.email,u1_0.name,u1_0.role from user u1_0 where u1_0.id=?
Hibernate: select t1_0.id,c1_0.id,c1_0.email,c1_0.name,c1_0.role,t1_0.description,t1_0.due_date,t1_0.priority,t1_0.status,t1_0.title from task t1_0 left join user c1_0 on c1_0.id=t1_0.created_by_id where t1_0.id=?
]]></system-out>
  </testcase>
  <testcase name="Day10_testGetStatusLogById" classname="com.examly.springapp.SpringappApplicationTests" time="0.01">
    <system-out><![CDATA[Hibernate: select t1_0.id,c1_0.id,c1_0.email,c1_0.name,c1_0.role,t1_0.new_status,t1_0.old_status,t2_0.id,c2_0.id,c2_0.email,c2_0.name,c2_0.role,t2_0.description,t2_0.due_date,t2_0.priority,t2_0.status,t2_0.title from task_status_log t1_0 left join user c1_0 on c1_0.id=t1_0.changed_by_user_id left join task t2_0 on t2_0.id=t1_0.task_id left join user c2_0 on c2_0.id=t2_0.created_by_id where t1_0.id=?
]]></system-out>
  </testcase>
  <testcase name="Day10_testGetLogsByTask" classname="com.examly.springapp.SpringappApplicationTests" time="0.011">
    <system-out><![CDATA[Hibernate: select t1_0.id,t1_0.changed_by_user_id,t1_0.new_status,t1_0.old_status,t1_0.task_id from task_status_log t1_0 where t1_0.task_id=?
Hibernate: select u1_0.id,u1_0.email,u1_0.name,u1_0.role from user u1_0 where u1_0.id=?
Hibernate: select t1_0.id,c1_0.id,c1_0.email,c1_0.name,c1_0.role,t1_0.description,t1_0.due_date,t1_0.priority,t1_0.status,t1_0.title from task t1_0 left join user c1_0 on c1_0.id=t1_0.created_by_id where t1_0.id=?
]]></system-out>
  </testcase>
  <testcase name="Day12_testGetUsersByRole" classname="com.examly.springapp.SpringappApplicationTests" time="0.009">
    <system-out><![CDATA[Hibernate: select u1_0.id,u1_0.email,u1_0.name,u1_0.role from user u1_0 where u1_0.role=?
]]></system-out>
  </testcase>
  <testcase name="Day12_testGetTasksByStatus" classname="com.examly.springapp.SpringappApplicationTests" time="0.021">
    <system-out><![CDATA[Hibernate: insert into task (created_by_id, description, due_date, priority, status, title) values (?, ?, ?, ?, ?, ?)
Hibernate: select t1_0.id,t1_0.created_by_id,t1_0.description,t1_0.due_date,t1_0.priority,t1_0.status,t1_0.title from task t1_0 where t1_0.status=?
Hibernate: select u1_0.id,u1_0.email,u1_0.name,u1_0.role from user u1_0 where u1_0.id=?
]]></system-out>
  </testcase>
  <testcase name="Day12_testGetStatusLogsByOldStatus_NotFound" classname="com.examly.springapp.SpringappApplicationTests" time="0.034">
    <system-out><![CDATA[Hibernate: select t1_0.id,t1_0.changed_by_user_id,t1_0.new_status,t1_0.old_status,t1_0.task_id from task_status_log t1_0 where t1_0.old_status=?
]]></system-out>
  </testcase>
  <testcase name="Day12_testGetAssignmentsByUserId_NotFound" classname="com.examly.springapp.SpringappApplicationTests" time="0.01">
    <system-out><![CDATA[Hibernate: select t1_0.id,t1_0.task_id,t1_0.user_id from task_assignment t1_0 where t1_0.user_id=?
]]></system-out>
  </testcase>
  <testcase name="Day12_testGetAssignmentsByUser_Positive" classname="com.examly.springapp.SpringappApplicationTests" time="0.008">
    <system-out><![CDATA[Hibernate: select t1_0.id,t1_0.task_id,t1_0.user_id from task_assignment t1_0 where t1_0.user_id=?
]]></system-out>
  </testcase>
  <testcase name="Day12_testGetTasksByStatus_NotFound" classname="com.examly.springapp.SpringappApplicationTests" time="0.005"/>
  <testcase name="Day13_test_execption_Directory_Exists" classname="com.examly.springapp.SpringappApplicationTests" time="0.002"/>
  <testcase name="Day13_test_GloabalEception_File_Exists" classname="com.examly.springapp.SpringappApplicationTests" time="0.001"/>
  <testcase name="Day14test_configuartion_Directory_Exists" classname="com.examly.springapp.SpringappApplicationTests" time="0.002"/>
  <testcase name="Day15_testAOPLogFileExists" classname="com.examly.springapp.SpringappApplicationTests" time="0.002"/>
</testsuite>